<?xml version="1.0" encoding="UTF-8"?>
<!-- Generated by org.testng.reporters.JUnitReportReporter -->
<testsuite hostname="LAPTOP-B8LU93MH" failures="0" tests="1" name="testPackage.TC_AddToCart_001_Test" time="32.151" errors="0" timestamp="2025-03-21T11:06:02 IST" skipped="0">
  <testcase classname="testPackage.TC_AddToCart_001_Test" name="addToCartMethod" time="32.151"/>
</testsuite> <!-- testPackage.TC_AddToCart_001_Test -->
