<?xml version="1.0" encoding="UTF-8"?>
<!-- Generated by org.testng.reporters.JUnitReportReporter -->
<testsuite hostname="LAPTOP-B8LU93MH" failures="0" tests="1" name="testPackage.TC_BuyAProduct_003_Test" time="13.842" errors="0" timestamp="2025-03-19T01:46:51 IST" skipped="0">
  <testcase classname="testPackage.TC_BuyAProduct_003_Test" name="buyAProduct" time="13.842"/>
</testsuite> <!-- testPackage.TC_BuyAProduct_003_Test -->
